Flow report for Kvazaar_IP_acc_Camera
Wed Nov 23 11:52:30 2022
Quartus Prime Version 16.0.0 Build 211 04/27/2016 SJ Standard Edition


---------------------
; Table of Contents ;
---------------------
  1. Legal Notice
  2. Flow Summary
  3. Flow Settings
  4. Flow Non-Default Global Settings
  5. Flow Elapsed Time
  6. Flow OS Summary
  7. Flow Log
  8. Flow Messages
  9. Flow Suppressed Messages



----------------
; Legal Notice ;
----------------
Copyright (C) 1991-2016 Altera Corporation. All rights reserved.
Your use of Altera Corporation's design tools, logic functions 
and other software and tools, and its AMPP partner logic 
functions, and any output files from any of the foregoing 
(including device programming or simulation files), and any 
associated documentation or information are expressly subject 
to the terms and conditions of the Altera Program License 
Subscription Agreement, the Altera Quartus Prime License Agreement,
the Altera MegaCore Function License Agreement, or other 
applicable license agreement, including, without limitation, 
that your use is for the sole purpose of programming logic 
devices manufactured by Altera and sold by Altera or its 
authorized distributors.  Please refer to the applicable 
agreement for further details.



+-----------------------------------------------------------------------------------+
; Flow Summary                                                                      ;
+---------------------------------+-------------------------------------------------+
; Flow Status                     ; Flow Failed - Wed Nov 23 11:52:30 2022          ;
; Quartus Prime Version           ; 16.0.0 Build 211 04/27/2016 SJ Standard Edition ;
; Revision Name                   ; Kvazaar_IP_acc_Camera                           ;
; Top-level Entity Name           ; Kvazaar_IP_acc_Camera                           ;
; Family                          ; Cyclone V                                       ;
; Device                          ; 5CSXFC6D6F31C6                                  ;
; Timing Models                   ; Final                                           ;
; Logic utilization (in ALMs)     ; 425 / 41,910 ( 1 % )                            ;
; Total registers                 ; 578                                             ;
; Total pins                      ; 206 / 499 ( 41 % )                              ;
; Total virtual pins              ; 0                                               ;
; Total block memory bits         ; 412,368 / 5,662,720 ( 7 % )                     ;
; Total DSP Blocks                ; 0 / 112 ( 0 % )                                 ;
; Total HSSI RX PCSs              ; 0 / 9 ( 0 % )                                   ;
; Total HSSI PMA RX Deserializers ; 0 / 9 ( 0 % )                                   ;
; Total HSSI TX PCSs              ; 0 / 9 ( 0 % )                                   ;
; Total HSSI PMA TX Serializers   ; 0 / 9 ( 0 % )                                   ;
; Total PLLs                      ; 1 / 15 ( 7 % )                                  ;
; Total DLLs                      ; 0 / 4 ( 0 % )                                   ;
+---------------------------------+-------------------------------------------------+


+-------------------------------------------+
; Flow Settings                             ;
+-------------------+-----------------------+
; Option            ; Setting               ;
+-------------------+-----------------------+
; Start date & time ; 11/23/2022 11:48:30   ;
; Main task         ; Compilation           ;
; Revision Name     ; Kvazaar_IP_acc_Camera ;
+-------------------+-----------------------+


+-----------------------------------------------------------------------------------------------------------------------------------------------------------------------------------------------------------------------------------------------------------------------------------------------------------------------+
; Flow Non-Default Global Settings                                                                                                                                                                                                                                                                                      ;
+---------------------------------------+---------------------------------------------------------------------------------------------------------------------------------------------------------------------------------------------------------------+---------------+----------------------------------+------------+
; Assignment Name                       ; Value                                                                                                                                                                                                         ; Default Value ; Entity Name                      ; Section Id ;
+---------------------------------------+---------------------------------------------------------------------------------------------------------------------------------------------------------------------------------------------------------------+---------------+----------------------------------+------------+
; COMPILER_SIGNATURE_ID                 ; 66076461685734.166919690904700                                                                                                                                                                                ; --            ; --                               ; --         ;
; ECO_REGENERATE_REPORT                 ; On                                                                                                                                                                                                            ; Off           ; --                               ; --         ;
; FITTER_EFFORT                         ; Standard Fit                                                                                                                                                                                                  ; Auto Fit      ; --                               ; --         ;
; HPS_ISW_FILE                          ; P:/18/TUNI.fi/ip.hw/Kvazaar_QSYS/1.0_student/../../../product/Kvazaar_IP_acc_Camera/1.0_student/quartus_project/Kvazaar_QSYS/synthesis/submodules/sequencer/alt_types.pre.h                                   ; --            ; Kvazaar_QSYS_hps_0_hps_io_border ; --         ;
; HPS_ISW_FILE                          ; P:/18/TUNI.fi/ip.hw/Kvazaar_QSYS/1.0_student/../../../product/Kvazaar_IP_acc_Camera/1.0_student/quartus_project/Kvazaar_QSYS/synthesis/submodules/sequencer/emif.pre.xml                                      ; --            ; Kvazaar_QSYS_hps_0_hps_io_border ; --         ;
; HPS_ISW_FILE                          ; P:/18/TUNI.fi/ip.hw/Kvazaar_QSYS/1.0_student/../../../product/Kvazaar_IP_acc_Camera/1.0_student/quartus_project/Kvazaar_QSYS/synthesis/submodules/sequencer/sdram_io.pre.h                                    ; --            ; Kvazaar_QSYS_hps_0_hps_io_border ; --         ;
; HPS_ISW_FILE                          ; P:/18/TUNI.fi/ip.hw/Kvazaar_QSYS/1.0_student/../../../product/Kvazaar_IP_acc_Camera/1.0_student/quartus_project/Kvazaar_QSYS/synthesis/submodules/sequencer/sequencer.pre.c                                   ; --            ; Kvazaar_QSYS_hps_0_hps_io_border ; --         ;
; HPS_ISW_FILE                          ; P:/18/TUNI.fi/ip.hw/Kvazaar_QSYS/1.0_student/../../../product/Kvazaar_IP_acc_Camera/1.0_student/quartus_project/Kvazaar_QSYS/synthesis/submodules/sequencer/sequencer.pre.h                                   ; --            ; Kvazaar_QSYS_hps_0_hps_io_border ; --         ;
; HPS_ISW_FILE                          ; P:/18/TUNI.fi/ip.hw/Kvazaar_QSYS/1.0_student/../../../product/Kvazaar_IP_acc_Camera/1.0_student/quartus_project/Kvazaar_QSYS/synthesis/submodules/sequencer/sequencer_auto.pre.h                              ; --            ; Kvazaar_QSYS_hps_0_hps_io_border ; --         ;
; HPS_ISW_FILE                          ; P:/18/TUNI.fi/ip.hw/Kvazaar_QSYS/1.0_student/../../../product/Kvazaar_IP_acc_Camera/1.0_student/quartus_project/Kvazaar_QSYS/synthesis/submodules/sequencer/sequencer_auto_ac_init.pre.c                      ; --            ; Kvazaar_QSYS_hps_0_hps_io_border ; --         ;
; HPS_ISW_FILE                          ; P:/18/TUNI.fi/ip.hw/Kvazaar_QSYS/1.0_student/../../../product/Kvazaar_IP_acc_Camera/1.0_student/quartus_project/Kvazaar_QSYS/synthesis/submodules/sequencer/sequencer_auto_inst_init.pre.c                    ; --            ; Kvazaar_QSYS_hps_0_hps_io_border ; --         ;
; HPS_ISW_FILE                          ; P:/18/TUNI.fi/ip.hw/Kvazaar_QSYS/1.0_student/../../../product/Kvazaar_IP_acc_Camera/1.0_student/quartus_project/Kvazaar_QSYS/synthesis/submodules/sequencer/sequencer_defines.pre.h                           ; --            ; Kvazaar_QSYS_hps_0_hps_io_border ; --         ;
; HPS_ISW_FILE                          ; P:/18/TUNI.fi/ip.hw/Kvazaar_QSYS/1.0_student/../../../product/Kvazaar_IP_acc_Camera/1.0_student/quartus_project/Kvazaar_QSYS/synthesis/submodules/sequencer/system.pre.h                                      ; --            ; Kvazaar_QSYS_hps_0_hps_io_border ; --         ;
; HPS_ISW_FILE                          ; P:/18/TUNI.fi/ip.hw/Kvazaar_QSYS/1.0_student/../../../product/Kvazaar_IP_acc_Camera/1.0_student/quartus_project/Kvazaar_QSYS/synthesis/submodules/sequencer/tclrpt.pre.c                                      ; --            ; Kvazaar_QSYS_hps_0_hps_io_border ; --         ;
; HPS_ISW_FILE                          ; P:/18/TUNI.fi/ip.hw/Kvazaar_QSYS/1.0_student/../../../product/Kvazaar_IP_acc_Camera/1.0_student/quartus_project/Kvazaar_QSYS/synthesis/submodules/sequencer/tclrpt.pre.h                                      ; --            ; Kvazaar_QSYS_hps_0_hps_io_border ; --         ;
; HPS_ISW_FILE                          ; P:/18/TUNI.fi/ip.hw/Kvazaar_QSYS/1.0_student/../../../product/Kvazaar_IP_acc_Camera/1.0_student/quartus_project/Kvazaar_QSYS/synthesis/submodules/hps.pre.xml                                                 ; --            ; Kvazaar_QSYS_hps_0_hps_io_border ; --         ;
; HPS_PARTITION                         ; On                                                                                                                                                                                                            ; --            ; Kvazaar_QSYS_hps_0_hps_io_border ; --         ;
; MAX_CORE_JUNCTION_TEMP                ; 85                                                                                                                                                                                                            ; --            ; --                               ; --         ;
; MIN_CORE_JUNCTION_TEMP                ; 0                                                                                                                                                                                                             ; --            ; --                               ; --         ;
; MISC_FILE                             ; P:/18/TUNI.fi/ip.hw/Kvazaar_QSYS/1.0_student/../../../product/Kvazaar_IP_acc_Camera/1.0_student/quartus_project/Kvazaar_QSYS/synthesis/../Kvazaar_QSYS.cmp                                                    ; --            ; --                               ; --         ;
; MISC_FILE                             ; P:/18/TUNI.fi/ip.hw/Kvazaar_QSYS/1.0_student/../../../product/Kvazaar_IP_acc_Camera/1.0_student/quartus_project/Kvazaar_QSYS/synthesis/../../P                                                                ; --            ; --                               ; --         ;
; MISC_FILE                             ; P:/18/TUNI.fi/ip.hw/Kvazaar_QSYS/1.0_student/../../../product/Kvazaar_IP_acc_Camera/1.0_student/quartus_project/Kvazaar_QSYS/synthesis/Kvazaar_QSYS_hps_0_hps.svd                                             ; --            ; --                               ; --         ;
; MISC_FILE                             ; P:/18/TUNI.fi/ip.hw/Kvazaar_QSYS/1.0_student/../../../product/Kvazaar_IP_acc_Camera/1.0_student/quartus_project/Kvazaar_QSYS/synthesis/../../../../../../ip.hw/Kvazaar_QSYS/1.0_student/Kvazaar_QSYS.qsys     ; --            ; --                               ; --         ;
; MISC_FILE                             ; P:/18/TUNI.fi/ip.hw/Kvazaar_QSYS/1.0_student/../../../product/Kvazaar_IP_acc_Camera/1.0_student/quartus_project/Kvazaar_QSYS/synthesis/submodules/sequencer/alt_types.pre.h                                   ; --            ; --                               ; --         ;
; MISC_FILE                             ; P:/18/TUNI.fi/ip.hw/Kvazaar_QSYS/1.0_student/../../../product/Kvazaar_IP_acc_Camera/1.0_student/quartus_project/Kvazaar_QSYS/synthesis/submodules/sequencer/emif.pre.xml                                      ; --            ; --                               ; --         ;
; MISC_FILE                             ; P:/18/TUNI.fi/ip.hw/Kvazaar_QSYS/1.0_student/../../../product/Kvazaar_IP_acc_Camera/1.0_student/quartus_project/Kvazaar_QSYS/synthesis/submodules/sequencer/sdram_io.pre.h                                    ; --            ; --                               ; --         ;
; MISC_FILE                             ; P:/18/TUNI.fi/ip.hw/Kvazaar_QSYS/1.0_student/../../../product/Kvazaar_IP_acc_Camera/1.0_student/quartus_project/Kvazaar_QSYS/synthesis/submodules/sequencer/sequencer.pre.c                                   ; --            ; --                               ; --         ;
; MISC_FILE                             ; P:/18/TUNI.fi/ip.hw/Kvazaar_QSYS/1.0_student/../../../product/Kvazaar_IP_acc_Camera/1.0_student/quartus_project/Kvazaar_QSYS/synthesis/submodules/sequencer/sequencer.pre.h                                   ; --            ; --                               ; --         ;
; MISC_FILE                             ; P:/18/TUNI.fi/ip.hw/Kvazaar_QSYS/1.0_student/../../../product/Kvazaar_IP_acc_Camera/1.0_student/quartus_project/Kvazaar_QSYS/synthesis/submodules/sequencer/sequencer_auto.pre.h                              ; --            ; --                               ; --         ;
; MISC_FILE                             ; P:/18/TUNI.fi/ip.hw/Kvazaar_QSYS/1.0_student/../../../product/Kvazaar_IP_acc_Camera/1.0_student/quartus_project/Kvazaar_QSYS/synthesis/submodules/sequencer/sequencer_auto_ac_init.pre.c                      ; --            ; --                               ; --         ;
; MISC_FILE                             ; P:/18/TUNI.fi/ip.hw/Kvazaar_QSYS/1.0_student/../../../product/Kvazaar_IP_acc_Camera/1.0_student/quartus_project/Kvazaar_QSYS/synthesis/submodules/sequencer/sequencer_auto_inst_init.pre.c                    ; --            ; --                               ; --         ;
; MISC_FILE                             ; P:/18/TUNI.fi/ip.hw/Kvazaar_QSYS/1.0_student/../../../product/Kvazaar_IP_acc_Camera/1.0_student/quartus_project/Kvazaar_QSYS/synthesis/submodules/sequencer/sequencer_defines.pre.h                           ; --            ; --                               ; --         ;
; MISC_FILE                             ; P:/18/TUNI.fi/ip.hw/Kvazaar_QSYS/1.0_student/../../../product/Kvazaar_IP_acc_Camera/1.0_student/quartus_project/Kvazaar_QSYS/synthesis/submodules/sequencer/system.pre.h                                      ; --            ; --                               ; --         ;
; MISC_FILE                             ; P:/18/TUNI.fi/ip.hw/Kvazaar_QSYS/1.0_student/../../../product/Kvazaar_IP_acc_Camera/1.0_student/quartus_project/Kvazaar_QSYS/synthesis/submodules/sequencer/tclrpt.pre.c                                      ; --            ; --                               ; --         ;
; MISC_FILE                             ; P:/18/TUNI.fi/ip.hw/Kvazaar_QSYS/1.0_student/../../../product/Kvazaar_IP_acc_Camera/1.0_student/quartus_project/Kvazaar_QSYS/synthesis/submodules/sequencer/tclrpt.pre.h                                      ; --            ; --                               ; --         ;
; MISC_FILE                             ; P:/18/TUNI.fi/ip.hw/Kvazaar_QSYS/1.0_student/../../../product/Kvazaar_IP_acc_Camera/1.0_student/quartus_project/Kvazaar_QSYS/synthesis/submodules/hps.pre.xml                                                 ; --            ; --                               ; --         ;
; OPTIMIZATION_MODE                     ; High Performance Effort                                                                                                                                                                                       ; Balanced      ; --                               ; --         ;
; OPTIMIZATION_TECHNIQUE                ; Speed                                                                                                                                                                                                         ; Balanced      ; --                               ; --         ;
; PARTITION_COLOR                       ; 16764057                                                                                                                                                                                                      ; --            ; --                               ; Top        ;
; PARTITION_FITTER_PRESERVATION_LEVEL   ; PLACEMENT_AND_ROUTING                                                                                                                                                                                         ; --            ; --                               ; Top        ;
; PARTITION_NETLIST_TYPE                ; SOURCE                                                                                                                                                                                                        ; --            ; --                               ; Top        ;
; PHYSICAL_SYNTHESIS_COMBO_LOGIC        ; On                                                                                                                                                                                                            ; Off           ; --                               ; --         ;
; PHYSICAL_SYNTHESIS_REGISTER_RETIMING  ; On                                                                                                                                                                                                            ; Off           ; --                               ; --         ;
; PLACEMENT_EFFORT_MULTIPLIER           ; 4.0                                                                                                                                                                                                           ; 1.0           ; --                               ; --         ;
; POWER_BOARD_THERMAL_MODEL             ; None (CONSERVATIVE)                                                                                                                                                                                           ; --            ; --                               ; --         ;
; POWER_PRESET_COOLING_SOLUTION         ; 23 MM HEAT SINK WITH 200 LFPM AIRFLOW                                                                                                                                                                         ; --            ; --                               ; --         ;
; ROUTER_TIMING_OPTIMIZATION_LEVEL      ; MAXIMUM                                                                                                                                                                                                       ; Normal        ; --                               ; --         ;
; SLD_FILE                              ; P:/18/TUNI.fi/ip.hw/Kvazaar_QSYS/1.0_student/../../../product/Kvazaar_IP_acc_Camera/1.0_student/quartus_project/Kvazaar_QSYS/synthesis/Kvazaar_QSYS.regmap                                                    ; --            ; --                               ; --         ;
; SLD_FILE                              ; P:/18/TUNI.fi/ip.hw/Kvazaar_QSYS/1.0_student/../../../product/Kvazaar_IP_acc_Camera/1.0_student/quartus_project/Kvazaar_QSYS/synthesis/Kvazaar_QSYS.debuginfo                                                 ; --            ; --                               ; --         ;
; SLD_INFO                              ; QSYS_NAME Kvazaar_QSYS HAS_SOPCINFO 1 GENERATION_ID 1669194578                                                                                                                                                ; --            ; Kvazaar_QSYS                     ; --         ;
; SOPCINFO_FILE                         ; P:/18/TUNI.fi/ip.hw/Kvazaar_QSYS/1.0_student/../../../product/Kvazaar_IP_acc_Camera/1.0_student/quartus_project/Kvazaar_QSYS/synthesis/../../../../../../ip.hw/Kvazaar_QSYS/1.0_student/Kvazaar_QSYS.sopcinfo ; --            ; --                               ; --         ;
; SYNTHESIS_ONLY_QIP                    ; On                                                                                                                                                                                                            ; --            ; --                               ; --         ;
; USE_DLL_FREQUENCY_FOR_DQS_DELAY_CHAIN ; On                                                                                                                                                                                                            ; Off           ; --                               ; --         ;
+---------------------------------------+---------------------------------------------------------------------------------------------------------------------------------------------------------------------------------------------------------------+---------------+----------------------------------+------------+


+--------------------------------------------------------------------------------------------------------------------------+
; Flow Elapsed Time                                                                                                        ;
+----------------------+--------------+-------------------------+---------------------+------------------------------------+
; Module Name          ; Elapsed Time ; Average Processors Used ; Peak Virtual Memory ; Total CPU Time (on all processors) ;
+----------------------+--------------+-------------------------+---------------------+------------------------------------+
; Analysis & Synthesis ; 00:00:47     ; 1.0                     ; 5733 MB             ; 00:00:38                           ;
; Fitter               ; 00:00:09     ; 1.0                     ; 5468 MB             ; 00:00:06                           ;
; Total                ; 00:00:56     ; --                      ; --                  ; 00:00:44                           ;
+----------------------+--------------+-------------------------+---------------------+------------------------------------+


+-----------------------------------------------------------------------------------+
; Flow OS Summary                                                                   ;
+----------------------+------------------+-----------+------------+----------------+
; Module Name          ; Machine Hostname ; OS Name   ; OS Version ; Processor type ;
+----------------------+------------------+-----------+------------+----------------+
; Analysis & Synthesis ; HTC219-711-SPC   ; Windows 8 ; 6.2        ; x86_64         ;
; Fitter               ; HTC219-711-SPC   ; Windows 8 ; 6.2        ; x86_64         ;
+----------------------+------------------+-----------+------------+----------------+


------------
; Flow Log ;
------------
quartus_map --read_settings_files=on --write_settings_files=off Kvazaar_IP_acc_Camera -c Kvazaar_IP_acc_Camera
quartus_fit --read_settings_files=off --write_settings_files=off Kvazaar_IP_acc_Camera -c Kvazaar_IP_acc_Camera



